<?xml version="1.0" encoding="UTF-8"?>
<testng-results ignored="0" total="1" passed="1" failed="0" skipped="0">
  <reporter-output>
  </reporter-output>
  <suite started-at="2025-07-07T12:58:10 IST" name="Default suite" finished-at="2025-07-07T12:59:15 IST" duration-ms="64931">
    <groups>
      <group name="cucumber">
        <method signature="AbstractTestNGCucumberTests.runScenario(io.cucumber.testng.PickleWrapper,io.cucumber.testng.FeatureWrapper)[pri:0, instance:runner.Runner_class@54a7079e]" name="runScenario" class="io.cucumber.testng.AbstractTestNGCucumberTests"/>
      </group> <!-- cucumber -->
    </groups>
    <test started-at="2025-07-07T12:58:10 IST" name="Default test" finished-at="2025-07-07T12:59:15 IST" duration-ms="64931">
      <class name="runner.Runner_class">
        <test-method is-config="true" signature="setUpClass(org.testng.ITestContext)[pri:0, instance:runner.Runner_class@54a7079e]" started-at="2025-07-07T12:58:10 IST" name="setUpClass" finished-at="2025-07-07T12:58:11 IST" duration-ms="390" status="PASS">
          <params>
            <param index="0">
              <value>
                <![CDATA[org.testng.TestRunner@7997b197]]>
              </value>
            </param>
          </params>
          <reporter-output>
          </reporter-output>
        </test-method> <!-- setUpClass -->
        <test-method signature="runScenario(io.cucumber.testng.PickleWrapper,io.cucumber.testng.FeatureWrapper)[pri:0, instance:runner.Runner_class@54a7079e]" started-at="2025-07-07T12:58:11 IST" name="runScenario" description="Runs Cucumber Scenarios" data-provider="scenarios" finished-at="2025-07-07T12:59:15 IST" duration-ms="64455" status="PASS">
          <params>
            <param index="0">
              <value>
                <![CDATA["Compare two different Excel sheets with specific rules"]]>
              </value>
            </param>
            <param index="1">
              <value>
                <![CDATA["Excel Comparison"]]>
              </value>
            </param>
          </params>
          <reporter-output>
          </reporter-output>
        </test-method> <!-- runScenario -->
        <test-method is-config="true" signature="tearDownClass()[pri:0, instance:runner.Runner_class@54a7079e]" started-at="2025-07-07T12:59:15 IST" name="tearDownClass" finished-at="2025-07-07T12:59:15 IST" duration-ms="49" status="PASS">
          <reporter-output>
          </reporter-output>
        </test-method> <!-- tearDownClass -->
      </class> <!-- runner.Runner_class -->
    </test> <!-- Default test -->
  </suite> <!-- Default suite -->
</testng-results>
