<?xml version="1.0" encoding="UTF-8"?>
<!-- Generated by org.testng.reporters.JUnitReportReporter -->
<testsuite hostname="ECON001222" failures="0" tests="2" name="runnerclass.Runnerclass" time="27.295" errors="2" timestamp="2025-08-07T13:25:00 IST" skipped="0">
  <testcase classname="runnerclass.Runnerclass" name="runScenario" time="15.583">
    <error message="no such window: target window already closed
from unknown error: web view not found
  (Session info: MicrosoftEdge=138.0.3351.109)
Build info: version: &#039;4.29.0&#039;, revision: &#039;5fc1ec94cb&#039;
System info: os.name: &#039;Windows 11&#039;, os.arch: &#039;amd64&#039;, os.version: &#039;10.0&#039;, java.version: &#039;21.0.6&#039;
Driver info: org.openqa.selenium.edge.EdgeDriver
Command: [9e357d807bd15985e8bbca65895b518e, findElement {value=//input[@id=&#039;loginkey&#039;], using=xpath}]
Capabilities {acceptInsecureCerts: false, browserName: MicrosoftEdge, browserVersion: 138.0.3351.109, fedcm:accounts: true, ms:edgeOptions: {debuggerAddress: localhost:63521}, msedge: {msedgedriverVersion: 138.0.3351.83 (16e2a7bef320..., userDataDir: C:\Users\GOPALA~1\AppData\L...}, networkConnectionEnabled: false, pageLoadStrategy: normal, platformName: windows, proxy: Proxy(), se:cdp: ws://localhost:63521/devtoo..., se:cdpVersion: 138.0.3351.109, setWindowRect: true, strictFileInteractability: false, timeouts: {implicit: 0, pageLoad: 300000, script: 30000}, unhandledPromptBehavior: dismiss and notify, webauthn:extension:credBlob: true, webauthn:extension:largeBlob: true, webauthn:extension:minPinLength: true, webauthn:extension:prf: true, webauthn:virtualAuthenticators: true}
Session ID: 9e357d807bd15985e8bbca65895b518e" type="org.openqa.selenium.NoSuchWindowException">
      <![CDATA[org.openqa.selenium.NoSuchWindowException: no such window: target window already closed
from unknown error: web view not found
  (Session info: MicrosoftEdge=138.0.3351.109)
Build info: version: '4.29.0', revision: '5fc1ec94cb'
System info: os.name: 'Windows 11', os.arch: 'amd64', os.version: '10.0', java.version: '21.0.6'
Driver info: org.openqa.selenium.edge.EdgeDriver
Command: [9e357d807bd15985e8bbca65895b518e, findElement {value=//input[@id='loginkey'], using=xpath}]
Capabilities {acceptInsecureCerts: false, browserName: MicrosoftEdge, browserVersion: 138.0.3351.109, fedcm:accounts: true, ms:edgeOptions: {debuggerAddress: localhost:63521}, msedge: {msedgedriverVersion: 138.0.3351.83 (16e2a7bef320..., userDataDir: C:\Users\GOPALA~1\AppData\L...}, networkConnectionEnabled: false, pageLoadStrategy: normal, platformName: windows, proxy: Proxy(), se:cdp: ws://localhost:63521/devtoo..., se:cdpVersion: 138.0.3351.109, setWindowRect: true, strictFileInteractability: false, timeouts: {implicit: 0, pageLoad: 300000, script: 30000}, unhandledPromptBehavior: dismiss and notify, webauthn:extension:credBlob: true, webauthn:extension:largeBlob: true, webauthn:extension:minPinLength: true, webauthn:extension:prf: true, webauthn:virtualAuthenticators: true}
Session ID: 9e357d807bd15985e8bbca65895b518e
at java.base/jdk.internal.reflect.DirectConstructorHandleAccessor.newInstance(DirectConstructorHandleAccessor.java:62)
at java.base/java.lang.reflect.Constructor.newInstanceWithCaller(Constructor.java:502)
at java.base/java.lang.reflect.Constructor.newInstance(Constructor.java:486)
at org.openqa.selenium.remote.ErrorCodec.decode(ErrorCodec.java:167)
at org.openqa.selenium.remote.codec.w3c.W3CHttpResponseCodec.decode(W3CHttpResponseCodec.java:138)
at org.openqa.selenium.remote.codec.w3c.W3CHttpResponseCodec.decode(W3CHttpResponseCodec.java:50)
at org.openqa.selenium.remote.HttpCommandExecutor.execute(HttpCommandExecutor.java:215)
at org.openqa.selenium.remote.service.DriverCommandExecutor.invokeExecute(DriverCommandExecutor.java:216)
at org.openqa.selenium.remote.service.DriverCommandExecutor.execute(DriverCommandExecutor.java:174)
at org.openqa.selenium.remote.RemoteWebDriver.execute(RemoteWebDriver.java:545)
at org.openqa.selenium.remote.ElementLocation$ElementFinder$2.findElement(ElementLocation.java:165)
at org.openqa.selenium.remote.ElementLocation.findElement(ElementLocation.java:59)
at org.openqa.selenium.remote.RemoteWebDriver.findElement(RemoteWebDriver.java:368)
at org.openqa.selenium.remote.RemoteWebDriver.findElement(RemoteWebDriver.java:362)
at org.openqa.selenium.support.pagefactory.DefaultElementLocator.findElement(DefaultElementLocator.java:68)
at org.openqa.selenium.support.pagefactory.internal.LocatingElementHandler.invoke(LocatingElementHandler.java:38)
at jdk.proxy2/jdk.proxy2.$Proxy21.sendKeys(Unknown Source)
at org.stepdefination.StepDefination_class.login_as_a_qa_on_erp_page(StepDefination_class.java:53)
at ✽.Login as a QA on ERP page(file:///C:/Users/GopalakrishnanG/eclipse-workspace/ERP_Alternative_partnumber/src/test/resources/Featurefile/Alternate_part_name.feature:9)
]]>
    </error>
  </testcase> <!-- runScenario -->
  <testcase classname="runnerclass.Runnerclass" name="runScenario" time="11.712">
    <error message="Unable to find element with locator By.xpath: //input[@id=&#039;loginkey&#039;]
For documentation on this error, please visit: https://www.selenium.dev/documentation/webdriver/troubleshooting/errors#no-such-element-exception
Build info: version: &#039;4.29.0&#039;, revision: &#039;5fc1ec94cb&#039;
System info: os.name: &#039;Windows 11&#039;, os.arch: &#039;amd64&#039;, os.version: &#039;10.0&#039;, java.version: &#039;21.0.6&#039;
Driver info: driver.version: RemoteWebDriver" type="org.openqa.selenium.NoSuchElementException">
      <![CDATA[org.openqa.selenium.NoSuchElementException: Unable to find element with locator By.xpath: //input[@id='loginkey']
For documentation on this error, please visit: https://www.selenium.dev/documentation/webdriver/troubleshooting/errors#no-such-element-exception
Build info: version: '4.29.0', revision: '5fc1ec94cb'
System info: os.name: 'Windows 11', os.arch: 'amd64', os.version: '10.0', java.version: '21.0.6'
Driver info: driver.version: RemoteWebDriver
at org.openqa.selenium.remote.ElementLocation$ElementFinder$2.findElement(ElementLocation.java:168)
at org.openqa.selenium.remote.ElementLocation.findElement(ElementLocation.java:59)
at org.openqa.selenium.remote.RemoteWebDriver.findElement(RemoteWebDriver.java:368)
at org.openqa.selenium.remote.RemoteWebDriver.findElement(RemoteWebDriver.java:362)
at org.openqa.selenium.support.pagefactory.DefaultElementLocator.findElement(DefaultElementLocator.java:68)
at org.openqa.selenium.support.pagefactory.internal.LocatingElementHandler.invoke(LocatingElementHandler.java:38)
at jdk.proxy2/jdk.proxy2.$Proxy21.sendKeys(Unknown Source)
at org.stepdefination.StepDefination_class.login_as_a_qa_on_erp_page(StepDefination_class.java:53)
at ✽.Login as a QA on ERP page(file:///C:/Users/GopalakrishnanG/eclipse-workspace/ERP_Alternative_partnumber/src/test/resources/Featurefile/Alternate_part_name.feature:4)
]]>
    </error>
  </testcase> <!-- runScenario -->
</testsuite> <!-- runnerclass.Runnerclass -->
